2022-07-17 08:40:34,101 INFO  [restartedMain] com.greenrent.GreenRentApplication:Starting GreenRentApplication using Java 11.0.13 on DESKTOP-45Q2M8D with PID 8464 (D:\Dropbox\Yazilim Isleri\2- Java Full-Stack\6- Proje\GreenRent\target\classes started by FEO in D:\Dropbox\Yazilim Isleri\2- Java Full-Stack\6- Proje\GreenRent)
2022-07-17 08:40:34,110 DEBUG [restartedMain] com.greenrent.GreenRentApplication:Running with Spring Boot v2.6.9, Spring v5.3.21
2022-07-17 08:40:34,112 INFO  [restartedMain] com.greenrent.GreenRentApplication:No active profile set, falling back to 1 default profile: "default"
2022-07-17 08:40:34,241 INFO  [restartedMain] org.springframework.boot.devtools.env.DevToolsPropertyDefaultsPostProcessor:Devtools property defaults active! Set 'spring.devtools.add-properties' to 'false' to disable
2022-07-17 08:40:34,241 INFO  [restartedMain] org.springframework.boot.devtools.env.DevToolsPropertyDefaultsPostProcessor:For additional web related logging consider setting the 'logging.level.web' property to 'DEBUG'
2022-07-17 08:40:36,611 INFO  [restartedMain] org.springframework.data.repository.config.RepositoryConfigurationDelegate:Bootstrapping Spring Data JPA repositories in DEFAULT mode.
2022-07-17 08:40:36,725 INFO  [restartedMain] org.springframework.data.repository.config.RepositoryConfigurationDelegate:Finished Spring Data repository scanning in 102 ms. Found 6 JPA repository interfaces.
2022-07-17 08:40:39,299 INFO  [restartedMain] org.springframework.boot.web.embedded.tomcat.TomcatWebServer:Tomcat initialized with port(s): 8080 (http)
2022-07-17 08:40:39,323 INFO  [restartedMain] org.apache.catalina.core.StandardService:Starting service [Tomcat]
2022-07-17 08:40:39,327 INFO  [restartedMain] org.apache.catalina.core.StandardEngine:Starting Servlet engine: [Apache Tomcat/9.0.64]
2022-07-17 08:40:39,672 INFO  [restartedMain] org.apache.catalina.core.ContainerBase.[Tomcat].[localhost].[/]:Initializing Spring embedded WebApplicationContext
2022-07-17 08:40:39,673 INFO  [restartedMain] org.springframework.boot.web.servlet.context.ServletWebServerApplicationContext:Root WebApplicationContext: initialization completed in 5430 ms
2022-07-17 08:40:40,512 INFO  [restartedMain] org.hibernate.jpa.internal.util.LogHelper:HHH000204: Processing PersistenceUnitInfo [name: default]
2022-07-17 08:40:40,586 INFO  [restartedMain] org.hibernate.Version:HHH000412: Hibernate ORM core version 5.6.9.Final
2022-07-17 08:40:40,825 INFO  [restartedMain] org.hibernate.annotations.common.Version:HCANN000001: Hibernate Commons Annotations {5.1.2.Final}
2022-07-17 08:40:40,952 INFO  [restartedMain] com.zaxxer.hikari.HikariDataSource:HikariPool-1 - Starting...
2022-07-17 08:40:41,139 INFO  [restartedMain] com.zaxxer.hikari.HikariDataSource:HikariPool-1 - Start completed.
2022-07-17 08:40:41,159 INFO  [restartedMain] org.hibernate.dialect.Dialect:HHH000400: Using dialect: org.hibernate.dialect.PostgreSQLDialect
2022-07-17 08:40:42,570 INFO  [restartedMain] org.hibernate.engine.transaction.jta.platform.internal.JtaPlatformInitiator:HHH000490: Using JtaPlatform implementation: [org.hibernate.engine.transaction.jta.platform.internal.NoJtaPlatform]
2022-07-17 08:40:42,579 INFO  [restartedMain] org.springframework.orm.jpa.LocalContainerEntityManagerFactoryBean:Initialized JPA EntityManagerFactory for persistence unit 'default'
2022-07-17 08:40:43,120 WARN  [restartedMain] org.springframework.boot.autoconfigure.orm.jpa.JpaBaseConfiguration$JpaWebConfiguration:spring.jpa.open-in-view is enabled by default. Therefore, database queries may be performed during view rendering. Explicitly configure spring.jpa.open-in-view to disable this warning
2022-07-17 08:40:43,213 DEBUG [restartedMain] com.greenrent.security.jwt.AuthTokenFilter:Filter 'authenticationJwtTokenFilter' configured for use
2022-07-17 08:40:43,748 INFO  [restartedMain] org.springframework.security.web.DefaultSecurityFilterChain:Will secure any request with [org.springframework.security.web.context.request.async.WebAsyncManagerIntegrationFilter@7477d78f, org.springframework.security.web.context.SecurityContextPersistenceFilter@1e757271, org.springframework.security.web.header.HeaderWriterFilter@253fb923, org.springframework.security.web.authentication.logout.LogoutFilter@494ebc9f, com.greenrent.security.jwt.AuthTokenFilter@7aad92d0, org.springframework.security.web.savedrequest.RequestCacheAwareFilter@7dd3db15, org.springframework.security.web.servletapi.SecurityContextHolderAwareRequestFilter@4743965, org.springframework.security.web.authentication.AnonymousAuthenticationFilter@30290c1a, org.springframework.security.web.session.SessionManagementFilter@e35a44a, org.springframework.security.web.access.ExceptionTranslationFilter@661b7b40, org.springframework.security.web.access.intercept.FilterSecurityInterceptor@5e41d0a6]
2022-07-17 08:40:44,384 INFO  [restartedMain] org.springframework.boot.devtools.autoconfigure.OptionalLiveReloadServer:LiveReload server is running on port 35729
2022-07-17 08:40:44,392 INFO  [restartedMain] org.springframework.boot.actuate.endpoint.web.EndpointLinksResolver:Exposing 1 endpoint(s) beneath base path '/actuator'
2022-07-17 08:40:44,492 INFO  [restartedMain] org.springframework.boot.web.embedded.tomcat.TomcatWebServer:Tomcat started on port(s): 8080 (http) with context path ''
2022-07-17 08:40:44,520 INFO  [restartedMain] com.greenrent.GreenRentApplication:Started GreenRentApplication in 11.376 seconds (JVM running for 13.7)
2022-07-17 08:42:35,930 INFO  [http-nio-8080-exec-2] org.apache.catalina.core.ContainerBase.[Tomcat].[localhost].[/]:Initializing Spring DispatcherServlet 'dispatcherServlet'
2022-07-17 08:42:35,931 INFO  [http-nio-8080-exec-2] org.springframework.web.servlet.DispatcherServlet:Initializing Servlet 'dispatcherServlet'
2022-07-17 08:42:35,933 INFO  [http-nio-8080-exec-2] org.springframework.web.servlet.DispatcherServlet:Completed initialization in 2 ms
2022-07-17 08:46:08,631 WARN  [http-nio-8080-exec-6] org.springframework.web.servlet.mvc.method.annotation.ExceptionHandlerExceptionResolver:Resolved [org.springframework.web.bind.MissingServletRequestParameterException: Required request parameter 'pickUpDateTime' for method parameter type LocalDateTime is not present]
2022-07-17 08:46:34,651 WARN  [http-nio-8080-exec-9] org.springframework.web.servlet.mvc.method.annotation.ExceptionHandlerExceptionResolver:Resolved [org.springframework.web.bind.MissingServletRequestParameterException: Required request parameter 'pickUpDateTime' for method parameter type LocalDateTime is not present]
2022-07-17 08:47:54,413 WARN  [http-nio-8080-exec-10] org.springframework.web.servlet.mvc.method.annotation.ExceptionHandlerExceptionResolver:Resolved [org.springframework.web.bind.MissingServletRequestParameterException: Required request parameter 'dtopOffDateTime' for method parameter type LocalDateTime is not present]
2022-07-17 08:48:12,502 WARN  [http-nio-8080-exec-3] org.springframework.web.servlet.mvc.method.annotation.ExceptionHandlerExceptionResolver:Resolved [org.springframework.web.bind.MissingServletRequestParameterException: Required request parameter 'dtopOffDateTime' for method parameter type LocalDateTime is not present]
2022-07-17 08:48:40,216 INFO  [SpringApplicationShutdownHook] org.springframework.orm.jpa.LocalContainerEntityManagerFactoryBean:Closing JPA EntityManagerFactory for persistence unit 'default'
2022-07-17 08:48:40,221 INFO  [SpringApplicationShutdownHook] com.zaxxer.hikari.HikariDataSource:HikariPool-1 - Shutdown initiated...
2022-07-17 08:48:40,229 INFO  [SpringApplicationShutdownHook] com.zaxxer.hikari.HikariDataSource:HikariPool-1 - Shutdown completed.
2022-07-17 08:48:52,333 INFO  [restartedMain] com.greenrent.GreenRentApplication:Starting GreenRentApplication using Java 11.0.13 on DESKTOP-45Q2M8D with PID 436 (D:\Dropbox\Yazilim Isleri\2- Java Full-Stack\6- Proje\GreenRent\target\classes started by FEO in D:\Dropbox\Yazilim Isleri\2- Java Full-Stack\6- Proje\GreenRent)
2022-07-17 08:48:52,335 DEBUG [restartedMain] com.greenrent.GreenRentApplication:Running with Spring Boot v2.6.9, Spring v5.3.21
2022-07-17 08:48:52,336 INFO  [restartedMain] com.greenrent.GreenRentApplication:No active profile set, falling back to 1 default profile: "default"
2022-07-17 08:48:52,415 INFO  [restartedMain] org.springframework.boot.devtools.env.DevToolsPropertyDefaultsPostProcessor:Devtools property defaults active! Set 'spring.devtools.add-properties' to 'false' to disable
2022-07-17 08:48:52,415 INFO  [restartedMain] org.springframework.boot.devtools.env.DevToolsPropertyDefaultsPostProcessor:For additional web related logging consider setting the 'logging.level.web' property to 'DEBUG'
2022-07-17 08:48:54,500 INFO  [restartedMain] org.springframework.data.repository.config.RepositoryConfigurationDelegate:Bootstrapping Spring Data JPA repositories in DEFAULT mode.
2022-07-17 08:48:54,599 INFO  [restartedMain] org.springframework.data.repository.config.RepositoryConfigurationDelegate:Finished Spring Data repository scanning in 90 ms. Found 6 JPA repository interfaces.
2022-07-17 08:48:55,436 INFO  [restartedMain] org.springframework.boot.web.embedded.tomcat.TomcatWebServer:Tomcat initialized with port(s): 8080 (http)
2022-07-17 08:48:55,447 INFO  [restartedMain] org.apache.catalina.core.StandardService:Starting service [Tomcat]
2022-07-17 08:48:55,447 INFO  [restartedMain] org.apache.catalina.core.StandardEngine:Starting Servlet engine: [Apache Tomcat/9.0.64]
2022-07-17 08:48:55,611 INFO  [restartedMain] org.apache.catalina.core.ContainerBase.[Tomcat].[localhost].[/]:Initializing Spring embedded WebApplicationContext
2022-07-17 08:48:55,612 INFO  [restartedMain] org.springframework.boot.web.servlet.context.ServletWebServerApplicationContext:Root WebApplicationContext: initialization completed in 3196 ms
2022-07-17 08:48:55,945 INFO  [restartedMain] org.hibernate.jpa.internal.util.LogHelper:HHH000204: Processing PersistenceUnitInfo [name: default]
2022-07-17 08:48:55,989 INFO  [restartedMain] org.hibernate.Version:HHH000412: Hibernate ORM core version 5.6.9.Final
2022-07-17 08:48:56,129 INFO  [restartedMain] org.hibernate.annotations.common.Version:HCANN000001: Hibernate Commons Annotations {5.1.2.Final}
2022-07-17 08:48:56,270 INFO  [restartedMain] com.zaxxer.hikari.HikariDataSource:HikariPool-1 - Starting...
2022-07-17 08:48:56,443 INFO  [restartedMain] com.zaxxer.hikari.HikariDataSource:HikariPool-1 - Start completed.
2022-07-17 08:48:56,491 INFO  [restartedMain] org.hibernate.dialect.Dialect:HHH000400: Using dialect: org.hibernate.dialect.PostgreSQLDialect
2022-07-17 08:48:57,630 INFO  [restartedMain] org.hibernate.engine.transaction.jta.platform.internal.JtaPlatformInitiator:HHH000490: Using JtaPlatform implementation: [org.hibernate.engine.transaction.jta.platform.internal.NoJtaPlatform]
2022-07-17 08:48:57,638 INFO  [restartedMain] org.springframework.orm.jpa.LocalContainerEntityManagerFactoryBean:Initialized JPA EntityManagerFactory for persistence unit 'default'
2022-07-17 08:48:58,204 WARN  [restartedMain] org.springframework.boot.autoconfigure.orm.jpa.JpaBaseConfiguration$JpaWebConfiguration:spring.jpa.open-in-view is enabled by default. Therefore, database queries may be performed during view rendering. Explicitly configure spring.jpa.open-in-view to disable this warning
2022-07-17 08:48:58,289 DEBUG [restartedMain] com.greenrent.security.jwt.AuthTokenFilter:Filter 'authenticationJwtTokenFilter' configured for use
2022-07-17 08:48:58,785 INFO  [restartedMain] org.springframework.security.web.DefaultSecurityFilterChain:Will secure any request with [org.springframework.security.web.context.request.async.WebAsyncManagerIntegrationFilter@199e031e, org.springframework.security.web.context.SecurityContextPersistenceFilter@66727da2, org.springframework.security.web.header.HeaderWriterFilter@28fea84c, org.springframework.security.web.authentication.logout.LogoutFilter@3531ae94, com.greenrent.security.jwt.AuthTokenFilter@2d8ab65f, org.springframework.security.web.savedrequest.RequestCacheAwareFilter@653b03fd, org.springframework.security.web.servletapi.SecurityContextHolderAwareRequestFilter@1896cc74, org.springframework.security.web.authentication.AnonymousAuthenticationFilter@727b60c8, org.springframework.security.web.session.SessionManagementFilter@3499ddc9, org.springframework.security.web.access.ExceptionTranslationFilter@649905b3, org.springframework.security.web.access.intercept.FilterSecurityInterceptor@5e68a178]
2022-07-17 08:48:59,497 INFO  [restartedMain] org.springframework.boot.devtools.autoconfigure.OptionalLiveReloadServer:LiveReload server is running on port 35729
2022-07-17 08:48:59,504 INFO  [restartedMain] org.springframework.boot.actuate.endpoint.web.EndpointLinksResolver:Exposing 1 endpoint(s) beneath base path '/actuator'
2022-07-17 08:48:59,592 INFO  [restartedMain] org.springframework.boot.web.embedded.tomcat.TomcatWebServer:Tomcat started on port(s): 8080 (http) with context path ''
2022-07-17 08:48:59,615 INFO  [restartedMain] com.greenrent.GreenRentApplication:Started GreenRentApplication in 8.078 seconds (JVM running for 9.941)
2022-07-17 08:49:04,348 INFO  [http-nio-8080-exec-2] org.apache.catalina.core.ContainerBase.[Tomcat].[localhost].[/]:Initializing Spring DispatcherServlet 'dispatcherServlet'
2022-07-17 08:49:04,348 INFO  [http-nio-8080-exec-2] org.springframework.web.servlet.DispatcherServlet:Initializing Servlet 'dispatcherServlet'
2022-07-17 08:49:04,350 INFO  [http-nio-8080-exec-2] org.springframework.web.servlet.DispatcherServlet:Completed initialization in 2 ms
2022-07-17 10:10:15,247 WARN  [HikariPool-1 housekeeper] com.zaxxer.hikari.pool.HikariPool:HikariPool-1 - Thread starvation or clock leap detected (housekeeper delta=25m17s764ms37µs300ns).
2022-07-17 10:22:36,973 INFO  [SpringApplicationShutdownHook] org.springframework.orm.jpa.LocalContainerEntityManagerFactoryBean:Closing JPA EntityManagerFactory for persistence unit 'default'
2022-07-17 10:22:36,979 INFO  [SpringApplicationShutdownHook] com.zaxxer.hikari.HikariDataSource:HikariPool-1 - Shutdown initiated...
2022-07-17 10:22:36,987 INFO  [SpringApplicationShutdownHook] com.zaxxer.hikari.HikariDataSource:HikariPool-1 - Shutdown completed.
2022-07-17 10:23:22,307 INFO  [restartedMain] com.greenrent.GreenRentApplication:Starting GreenRentApplication using Java 11.0.13 on DESKTOP-45Q2M8D with PID 14544 (D:\Dropbox\Yazilim Isleri\2- Java Full-Stack\6- Proje\GreenRent\target\classes started by FEO in D:\Dropbox\Yazilim Isleri\2- Java Full-Stack\6- Proje\GreenRent)
2022-07-17 10:23:22,309 DEBUG [restartedMain] com.greenrent.GreenRentApplication:Running with Spring Boot v2.6.9, Spring v5.3.21
2022-07-17 10:23:22,311 INFO  [restartedMain] com.greenrent.GreenRentApplication:No active profile set, falling back to 1 default profile: "default"
2022-07-17 10:23:22,387 INFO  [restartedMain] org.springframework.boot.devtools.env.DevToolsPropertyDefaultsPostProcessor:Devtools property defaults active! Set 'spring.devtools.add-properties' to 'false' to disable
2022-07-17 10:23:22,387 INFO  [restartedMain] org.springframework.boot.devtools.env.DevToolsPropertyDefaultsPostProcessor:For additional web related logging consider setting the 'logging.level.web' property to 'DEBUG'
2022-07-17 10:23:24,701 INFO  [restartedMain] org.springframework.data.repository.config.RepositoryConfigurationDelegate:Bootstrapping Spring Data JPA repositories in DEFAULT mode.
2022-07-17 10:23:24,839 INFO  [restartedMain] org.springframework.data.repository.config.RepositoryConfigurationDelegate:Finished Spring Data repository scanning in 125 ms. Found 6 JPA repository interfaces.
2022-07-17 10:23:25,939 INFO  [restartedMain] org.springframework.boot.web.embedded.tomcat.TomcatWebServer:Tomcat initialized with port(s): 8080 (http)
2022-07-17 10:23:25,952 INFO  [restartedMain] org.apache.catalina.core.StandardService:Starting service [Tomcat]
2022-07-17 10:23:25,953 INFO  [restartedMain] org.apache.catalina.core.StandardEngine:Starting Servlet engine: [Apache Tomcat/9.0.64]
2022-07-17 10:23:26,150 INFO  [restartedMain] org.apache.catalina.core.ContainerBase.[Tomcat].[localhost].[/]:Initializing Spring embedded WebApplicationContext
2022-07-17 10:23:26,151 INFO  [restartedMain] org.springframework.boot.web.servlet.context.ServletWebServerApplicationContext:Root WebApplicationContext: initialization completed in 3763 ms
2022-07-17 10:23:26,500 INFO  [restartedMain] org.hibernate.jpa.internal.util.LogHelper:HHH000204: Processing PersistenceUnitInfo [name: default]
2022-07-17 10:23:26,581 INFO  [restartedMain] org.hibernate.Version:HHH000412: Hibernate ORM core version 5.6.9.Final
2022-07-17 10:23:26,811 INFO  [restartedMain] org.hibernate.annotations.common.Version:HCANN000001: Hibernate Commons Annotations {5.1.2.Final}
2022-07-17 10:23:26,938 INFO  [restartedMain] com.zaxxer.hikari.HikariDataSource:HikariPool-1 - Starting...
2022-07-17 10:23:27,084 INFO  [restartedMain] com.zaxxer.hikari.HikariDataSource:HikariPool-1 - Start completed.
2022-07-17 10:23:27,104 INFO  [restartedMain] org.hibernate.dialect.Dialect:HHH000400: Using dialect: org.hibernate.dialect.PostgreSQLDialect
2022-07-17 10:23:28,522 INFO  [restartedMain] org.hibernate.engine.transaction.jta.platform.internal.JtaPlatformInitiator:HHH000490: Using JtaPlatform implementation: [org.hibernate.engine.transaction.jta.platform.internal.NoJtaPlatform]
2022-07-17 10:23:28,535 INFO  [restartedMain] org.springframework.orm.jpa.LocalContainerEntityManagerFactoryBean:Initialized JPA EntityManagerFactory for persistence unit 'default'
2022-07-17 10:23:29,137 WARN  [restartedMain] org.springframework.boot.autoconfigure.orm.jpa.JpaBaseConfiguration$JpaWebConfiguration:spring.jpa.open-in-view is enabled by default. Therefore, database queries may be performed during view rendering. Explicitly configure spring.jpa.open-in-view to disable this warning
2022-07-17 10:23:29,240 DEBUG [restartedMain] com.greenrent.security.jwt.AuthTokenFilter:Filter 'authenticationJwtTokenFilter' configured for use
2022-07-17 10:23:29,924 INFO  [restartedMain] org.springframework.security.web.DefaultSecurityFilterChain:Will secure any request with [org.springframework.security.web.context.request.async.WebAsyncManagerIntegrationFilter@33ed9367, org.springframework.security.web.context.SecurityContextPersistenceFilter@5f73a863, org.springframework.security.web.header.HeaderWriterFilter@62363b76, org.springframework.security.web.authentication.logout.LogoutFilter@1b3167c9, com.greenrent.security.jwt.AuthTokenFilter@68292b15, org.springframework.security.web.savedrequest.RequestCacheAwareFilter@5175d713, org.springframework.security.web.servletapi.SecurityContextHolderAwareRequestFilter@3c9d71a5, org.springframework.security.web.authentication.AnonymousAuthenticationFilter@6def4916, org.springframework.security.web.session.SessionManagementFilter@28c31cc4, org.springframework.security.web.access.ExceptionTranslationFilter@1251cf17, org.springframework.security.web.access.intercept.FilterSecurityInterceptor@71be6c46]
2022-07-17 10:23:31,536 INFO  [restartedMain] org.springframework.boot.devtools.autoconfigure.OptionalLiveReloadServer:LiveReload server is running on port 35729
2022-07-17 10:23:31,550 INFO  [restartedMain] org.springframework.boot.actuate.endpoint.web.EndpointLinksResolver:Exposing 1 endpoint(s) beneath base path '/actuator'
2022-07-17 10:23:31,697 INFO  [restartedMain] org.springframework.boot.web.embedded.tomcat.TomcatWebServer:Tomcat started on port(s): 8080 (http) with context path ''
2022-07-17 10:23:31,738 INFO  [restartedMain] com.greenrent.GreenRentApplication:Started GreenRentApplication in 10.343 seconds (JVM running for 14.546)
2022-07-17 10:25:05,206 INFO  [http-nio-8080-exec-1] org.apache.catalina.core.ContainerBase.[Tomcat].[localhost].[/]:Initializing Spring DispatcherServlet 'dispatcherServlet'
2022-07-17 10:25:05,207 INFO  [http-nio-8080-exec-1] org.springframework.web.servlet.DispatcherServlet:Initializing Servlet 'dispatcherServlet'
2022-07-17 10:25:05,208 INFO  [http-nio-8080-exec-1] org.springframework.web.servlet.DispatcherServlet:Completed initialization in 1 ms
2022-07-17 10:58:54,708 WARN  [HikariPool-1 housekeeper] com.zaxxer.hikari.pool.HikariPool:HikariPool-1 - Thread starvation or clock leap detected (housekeeper delta=57s5ms316µs600ns).
2022-07-17 11:03:41,439 ERROR [http-nio-8080-exec-10] com.greenrent.security.jwt.JwtUtils:JWT Token is expired JWT expired at 2022-07-16T22:35:29Z. Current time: 2022-07-17T11:03:41Z, a difference of 44892438 milliseconds.  Allowed clock skew: 0 milliseconds.
2022-07-17 11:04:44,982 WARN  [http-nio-8080-exec-3] org.springframework.web.servlet.mvc.method.annotation.ExceptionHandlerExceptionResolver:Resolved [com.greenrent.exception.BadRequestException: Reservation pick up time or drop off time not correct]
2022-07-17 11:47:47,222 WARN  [http-nio-8080-exec-4] org.springframework.web.servlet.mvc.method.annotation.ExceptionHandlerExceptionResolver:Resolved [com.greenrent.exception.BadRequestException: Car is not available for selected times]
2022-07-17 11:48:39,441 WARN  [http-nio-8080-exec-8] org.springframework.web.servlet.mvc.method.annotation.ExceptionHandlerExceptionResolver:Resolved [com.greenrent.exception.BadRequestException: Car is not available for selected times]
2022-07-17 11:53:57,995 WARN  [http-nio-8080-exec-4] org.springframework.web.servlet.mvc.method.annotation.ExceptionHandlerExceptionResolver:Resolved [com.greenrent.exception.BadRequestException: Car is not available for selected times]
2022-07-17 11:57:58,649 INFO  [SpringApplicationShutdownHook] org.springframework.orm.jpa.LocalContainerEntityManagerFactoryBean:Closing JPA EntityManagerFactory for persistence unit 'default'
2022-07-17 11:57:58,729 INFO  [SpringApplicationShutdownHook] com.zaxxer.hikari.HikariDataSource:HikariPool-1 - Shutdown initiated...
2022-07-17 11:57:58,979 INFO  [SpringApplicationShutdownHook] com.zaxxer.hikari.HikariDataSource:HikariPool-1 - Shutdown completed.
2022-07-17 11:58:11,855 INFO  [restartedMain] com.greenrent.GreenRentApplication:Starting GreenRentApplication using Java 11.0.13 on DESKTOP-45Q2M8D with PID 10432 (D:\Dropbox\Yazilim Isleri\2- Java Full-Stack\6- Proje\GreenRent\target\classes started by FEO in D:\Dropbox\Yazilim Isleri\2- Java Full-Stack\6- Proje\GreenRent)
2022-07-17 11:58:11,857 DEBUG [restartedMain] com.greenrent.GreenRentApplication:Running with Spring Boot v2.6.9, Spring v5.3.21
2022-07-17 11:58:11,858 INFO  [restartedMain] com.greenrent.GreenRentApplication:No active profile set, falling back to 1 default profile: "default"
2022-07-17 11:58:11,937 INFO  [restartedMain] org.springframework.boot.devtools.env.DevToolsPropertyDefaultsPostProcessor:Devtools property defaults active! Set 'spring.devtools.add-properties' to 'false' to disable
2022-07-17 11:58:11,937 INFO  [restartedMain] org.springframework.boot.devtools.env.DevToolsPropertyDefaultsPostProcessor:For additional web related logging consider setting the 'logging.level.web' property to 'DEBUG'
2022-07-17 11:58:13,174 INFO  [restartedMain] org.springframework.data.repository.config.RepositoryConfigurationDelegate:Bootstrapping Spring Data JPA repositories in DEFAULT mode.
2022-07-17 11:58:13,265 INFO  [restartedMain] org.springframework.data.repository.config.RepositoryConfigurationDelegate:Finished Spring Data repository scanning in 83 ms. Found 6 JPA repository interfaces.
2022-07-17 11:58:14,044 INFO  [restartedMain] org.springframework.boot.web.embedded.tomcat.TomcatWebServer:Tomcat initialized with port(s): 8080 (http)
2022-07-17 11:58:14,054 INFO  [restartedMain] org.apache.catalina.core.StandardService:Starting service [Tomcat]
2022-07-17 11:58:14,054 INFO  [restartedMain] org.apache.catalina.core.StandardEngine:Starting Servlet engine: [Apache Tomcat/9.0.64]
2022-07-17 11:58:14,188 INFO  [restartedMain] org.apache.catalina.core.ContainerBase.[Tomcat].[localhost].[/]:Initializing Spring embedded WebApplicationContext
2022-07-17 11:58:14,188 INFO  [restartedMain] org.springframework.boot.web.servlet.context.ServletWebServerApplicationContext:Root WebApplicationContext: initialization completed in 2250 ms
2022-07-17 11:58:14,477 INFO  [restartedMain] org.hibernate.jpa.internal.util.LogHelper:HHH000204: Processing PersistenceUnitInfo [name: default]
2022-07-17 11:58:14,549 INFO  [restartedMain] org.hibernate.Version:HHH000412: Hibernate ORM core version 5.6.9.Final
2022-07-17 11:58:14,740 INFO  [restartedMain] org.hibernate.annotations.common.Version:HCANN000001: Hibernate Commons Annotations {5.1.2.Final}
2022-07-17 11:58:14,837 INFO  [restartedMain] com.zaxxer.hikari.HikariDataSource:HikariPool-1 - Starting...
2022-07-17 11:58:15,049 INFO  [restartedMain] com.zaxxer.hikari.HikariDataSource:HikariPool-1 - Start completed.
2022-07-17 11:58:15,070 INFO  [restartedMain] org.hibernate.dialect.Dialect:HHH000400: Using dialect: org.hibernate.dialect.PostgreSQLDialect
2022-07-17 11:58:16,163 INFO  [restartedMain] org.hibernate.engine.transaction.jta.platform.internal.JtaPlatformInitiator:HHH000490: Using JtaPlatform implementation: [org.hibernate.engine.transaction.jta.platform.internal.NoJtaPlatform]
2022-07-17 11:58:16,172 INFO  [restartedMain] org.springframework.orm.jpa.LocalContainerEntityManagerFactoryBean:Initialized JPA EntityManagerFactory for persistence unit 'default'
2022-07-17 11:58:16,693 WARN  [restartedMain] org.springframework.boot.autoconfigure.orm.jpa.JpaBaseConfiguration$JpaWebConfiguration:spring.jpa.open-in-view is enabled by default. Therefore, database queries may be performed during view rendering. Explicitly configure spring.jpa.open-in-view to disable this warning
2022-07-17 11:58:16,785 DEBUG [restartedMain] com.greenrent.security.jwt.AuthTokenFilter:Filter 'authenticationJwtTokenFilter' configured for use
2022-07-17 11:58:17,253 INFO  [restartedMain] org.springframework.security.web.DefaultSecurityFilterChain:Will secure any request with [org.springframework.security.web.context.request.async.WebAsyncManagerIntegrationFilter@3b459048, org.springframework.security.web.context.SecurityContextPersistenceFilter@1439b132, org.springframework.security.web.header.HeaderWriterFilter@6aec607d, org.springframework.security.web.authentication.logout.LogoutFilter@65a72d4e, com.greenrent.security.jwt.AuthTokenFilter@64e64d4d, org.springframework.security.web.savedrequest.RequestCacheAwareFilter@3e9a8e4, org.springframework.security.web.servletapi.SecurityContextHolderAwareRequestFilter@24446dd5, org.springframework.security.web.authentication.AnonymousAuthenticationFilter@5609ec23, org.springframework.security.web.session.SessionManagementFilter@5390e5f2, org.springframework.security.web.access.ExceptionTranslationFilter@215f7ecd, org.springframework.security.web.access.intercept.FilterSecurityInterceptor@18f4e708]
2022-07-17 11:58:18,150 INFO  [restartedMain] org.springframework.boot.devtools.autoconfigure.OptionalLiveReloadServer:LiveReload server is running on port 35729
2022-07-17 11:58:18,156 INFO  [restartedMain] org.springframework.boot.actuate.endpoint.web.EndpointLinksResolver:Exposing 1 endpoint(s) beneath base path '/actuator'
2022-07-17 11:58:18,240 INFO  [restartedMain] org.springframework.boot.web.embedded.tomcat.TomcatWebServer:Tomcat started on port(s): 8080 (http) with context path ''
2022-07-17 11:58:18,262 INFO  [restartedMain] com.greenrent.GreenRentApplication:Started GreenRentApplication in 7.271 seconds (JVM running for 9.102)
2022-07-17 11:58:25,663 INFO  [http-nio-8080-exec-1] org.apache.catalina.core.ContainerBase.[Tomcat].[localhost].[/]:Initializing Spring DispatcherServlet 'dispatcherServlet'
2022-07-17 11:58:25,663 INFO  [http-nio-8080-exec-1] org.springframework.web.servlet.DispatcherServlet:Initializing Servlet 'dispatcherServlet'
2022-07-17 11:58:25,665 INFO  [http-nio-8080-exec-1] org.springframework.web.servlet.DispatcherServlet:Completed initialization in 1 ms
2022-07-17 11:58:37,484 WARN  [http-nio-8080-exec-3] org.springframework.web.servlet.mvc.method.annotation.ExceptionHandlerExceptionResolver:Resolved [org.springframework.dao.InvalidDataAccessApiUsageException: Parameter value [5] did not match expected type [com.greenrent.domain.User (n/a)]; nested exception is java.lang.IllegalArgumentException: Parameter value [5] did not match expected type [com.greenrent.domain.User (n/a)]]
2022-07-17 11:58:48,973 WARN  [http-nio-8080-exec-5] org.springframework.web.servlet.mvc.method.annotation.ExceptionHandlerExceptionResolver:Resolved [org.springframework.dao.InvalidDataAccessApiUsageException: Parameter value [5] did not match expected type [com.greenrent.domain.User (n/a)]; nested exception is java.lang.IllegalArgumentException: Parameter value [5] did not match expected type [com.greenrent.domain.User (n/a)]]
2022-07-17 12:00:22,719 INFO  [SpringApplicationShutdownHook] org.springframework.orm.jpa.LocalContainerEntityManagerFactoryBean:Closing JPA EntityManagerFactory for persistence unit 'default'
2022-07-17 12:00:22,723 INFO  [SpringApplicationShutdownHook] com.zaxxer.hikari.HikariDataSource:HikariPool-1 - Shutdown initiated...
2022-07-17 12:00:22,731 INFO  [SpringApplicationShutdownHook] com.zaxxer.hikari.HikariDataSource:HikariPool-1 - Shutdown completed.
2022-07-17 12:00:33,717 INFO  [restartedMain] com.greenrent.GreenRentApplication:Starting GreenRentApplication using Java 11.0.13 on DESKTOP-45Q2M8D with PID 13588 (D:\Dropbox\Yazilim Isleri\2- Java Full-Stack\6- Proje\GreenRent\target\classes started by FEO in D:\Dropbox\Yazilim Isleri\2- Java Full-Stack\6- Proje\GreenRent)
2022-07-17 12:00:33,718 DEBUG [restartedMain] com.greenrent.GreenRentApplication:Running with Spring Boot v2.6.9, Spring v5.3.21
2022-07-17 12:00:33,720 INFO  [restartedMain] com.greenrent.GreenRentApplication:No active profile set, falling back to 1 default profile: "default"
2022-07-17 12:00:33,792 INFO  [restartedMain] org.springframework.boot.devtools.env.DevToolsPropertyDefaultsPostProcessor:Devtools property defaults active! Set 'spring.devtools.add-properties' to 'false' to disable
2022-07-17 12:00:33,793 INFO  [restartedMain] org.springframework.boot.devtools.env.DevToolsPropertyDefaultsPostProcessor:For additional web related logging consider setting the 'logging.level.web' property to 'DEBUG'
2022-07-17 12:00:35,330 INFO  [restartedMain] org.springframework.data.repository.config.RepositoryConfigurationDelegate:Bootstrapping Spring Data JPA repositories in DEFAULT mode.
2022-07-17 12:00:35,422 INFO  [restartedMain] org.springframework.data.repository.config.RepositoryConfigurationDelegate:Finished Spring Data repository scanning in 84 ms. Found 6 JPA repository interfaces.
2022-07-17 12:00:36,180 INFO  [restartedMain] org.springframework.boot.web.embedded.tomcat.TomcatWebServer:Tomcat initialized with port(s): 8080 (http)
2022-07-17 12:00:36,189 INFO  [restartedMain] org.apache.catalina.core.StandardService:Starting service [Tomcat]
2022-07-17 12:00:36,189 INFO  [restartedMain] org.apache.catalina.core.StandardEngine:Starting Servlet engine: [Apache Tomcat/9.0.64]
2022-07-17 12:00:36,330 INFO  [restartedMain] org.apache.catalina.core.ContainerBase.[Tomcat].[localhost].[/]:Initializing Spring embedded WebApplicationContext
2022-07-17 12:00:36,330 INFO  [restartedMain] org.springframework.boot.web.servlet.context.ServletWebServerApplicationContext:Root WebApplicationContext: initialization completed in 2536 ms
2022-07-17 12:00:36,625 INFO  [restartedMain] org.hibernate.jpa.internal.util.LogHelper:HHH000204: Processing PersistenceUnitInfo [name: default]
2022-07-17 12:00:36,708 INFO  [restartedMain] org.hibernate.Version:HHH000412: Hibernate ORM core version 5.6.9.Final
2022-07-17 12:00:36,842 INFO  [restartedMain] org.hibernate.annotations.common.Version:HCANN000001: Hibernate Commons Annotations {5.1.2.Final}
2022-07-17 12:00:36,949 INFO  [restartedMain] com.zaxxer.hikari.HikariDataSource:HikariPool-1 - Starting...
2022-07-17 12:00:37,093 INFO  [restartedMain] com.zaxxer.hikari.HikariDataSource:HikariPool-1 - Start completed.
2022-07-17 12:00:37,111 INFO  [restartedMain] org.hibernate.dialect.Dialect:HHH000400: Using dialect: org.hibernate.dialect.PostgreSQLDialect
2022-07-17 12:00:38,167 INFO  [restartedMain] org.hibernate.engine.transaction.jta.platform.internal.JtaPlatformInitiator:HHH000490: Using JtaPlatform implementation: [org.hibernate.engine.transaction.jta.platform.internal.NoJtaPlatform]
2022-07-17 12:00:38,176 INFO  [restartedMain] org.springframework.orm.jpa.LocalContainerEntityManagerFactoryBean:Initialized JPA EntityManagerFactory for persistence unit 'default'
2022-07-17 12:00:38,721 WARN  [restartedMain] org.springframework.boot.autoconfigure.orm.jpa.JpaBaseConfiguration$JpaWebConfiguration:spring.jpa.open-in-view is enabled by default. Therefore, database queries may be performed during view rendering. Explicitly configure spring.jpa.open-in-view to disable this warning
2022-07-17 12:00:38,831 DEBUG [restartedMain] com.greenrent.security.jwt.AuthTokenFilter:Filter 'authenticationJwtTokenFilter' configured for use
2022-07-17 12:00:39,327 INFO  [restartedMain] org.springframework.security.web.DefaultSecurityFilterChain:Will secure any request with [org.springframework.security.web.context.request.async.WebAsyncManagerIntegrationFilter@50a797d6, org.springframework.security.web.context.SecurityContextPersistenceFilter@42174da3, org.springframework.security.web.header.HeaderWriterFilter@2b8115dc, org.springframework.security.web.authentication.logout.LogoutFilter@9dc158c, com.greenrent.security.jwt.AuthTokenFilter@2e5b101b, org.springframework.security.web.savedrequest.RequestCacheAwareFilter@5b805d6, org.springframework.security.web.servletapi.SecurityContextHolderAwareRequestFilter@6297d14a, org.springframework.security.web.authentication.AnonymousAuthenticationFilter@b4d4060, org.springframework.security.web.session.SessionManagementFilter@5a4c2b68, org.springframework.security.web.access.ExceptionTranslationFilter@3bc645a8, org.springframework.security.web.access.intercept.FilterSecurityInterceptor@64aa145e]
2022-07-17 12:00:40,014 INFO  [restartedMain] org.springframework.boot.devtools.autoconfigure.OptionalLiveReloadServer:LiveReload server is running on port 35729
2022-07-17 12:00:40,020 INFO  [restartedMain] org.springframework.boot.actuate.endpoint.web.EndpointLinksResolver:Exposing 1 endpoint(s) beneath base path '/actuator'
2022-07-17 12:00:40,112 INFO  [restartedMain] org.springframework.boot.web.embedded.tomcat.TomcatWebServer:Tomcat started on port(s): 8080 (http) with context path ''
2022-07-17 12:00:40,136 INFO  [restartedMain] com.greenrent.GreenRentApplication:Started GreenRentApplication in 7.192 seconds (JVM running for 8.911)
2022-07-17 12:00:46,150 INFO  [http-nio-8080-exec-2] org.apache.catalina.core.ContainerBase.[Tomcat].[localhost].[/]:Initializing Spring DispatcherServlet 'dispatcherServlet'
2022-07-17 12:00:46,151 INFO  [http-nio-8080-exec-2] org.springframework.web.servlet.DispatcherServlet:Initializing Servlet 'dispatcherServlet'
2022-07-17 12:00:46,153 INFO  [http-nio-8080-exec-2] org.springframework.web.servlet.DispatcherServlet:Completed initialization in 2 ms
2022-07-17 12:01:11,061 WARN  [http-nio-8080-exec-4] org.springframework.web.servlet.mvc.method.annotation.ExceptionHandlerExceptionResolver:Resolved [org.springframework.dao.InvalidDataAccessApiUsageException: Parameter value [5] did not match expected type [com.greenrent.domain.User (n/a)]; nested exception is java.lang.IllegalArgumentException: Parameter value [5] did not match expected type [com.greenrent.domain.User (n/a)]]
2022-07-17 12:01:43,573 WARN  [http-nio-8080-exec-6] org.springframework.web.servlet.mvc.method.annotation.ExceptionHandlerExceptionResolver:Resolved [org.springframework.dao.InvalidDataAccessApiUsageException: Parameter value [5] did not match expected type [com.greenrent.domain.User (n/a)]; nested exception is java.lang.IllegalArgumentException: Parameter value [5] did not match expected type [com.greenrent.domain.User (n/a)]]
2022-07-17 12:01:59,063 WARN  [http-nio-8080-exec-8] org.springframework.web.servlet.mvc.method.annotation.ExceptionHandlerExceptionResolver:Resolved [org.springframework.dao.InvalidDataAccessApiUsageException: Parameter value [5] did not match expected type [com.greenrent.domain.User (n/a)]; nested exception is java.lang.IllegalArgumentException: Parameter value [5] did not match expected type [com.greenrent.domain.User (n/a)]]
2022-07-17 12:02:53,605 WARN  [http-nio-8080-exec-3] org.springframework.web.servlet.mvc.method.annotation.ExceptionHandlerExceptionResolver:Resolved [org.springframework.dao.InvalidDataAccessApiUsageException: Parameter value [5] did not match expected type [com.greenrent.domain.User (n/a)]; nested exception is java.lang.IllegalArgumentException: Parameter value [5] did not match expected type [com.greenrent.domain.User (n/a)]]
2022-07-17 12:08:20,352 INFO  [SpringApplicationShutdownHook] org.springframework.orm.jpa.LocalContainerEntityManagerFactoryBean:Closing JPA EntityManagerFactory for persistence unit 'default'
2022-07-17 12:08:20,359 INFO  [SpringApplicationShutdownHook] com.zaxxer.hikari.HikariDataSource:HikariPool-1 - Shutdown initiated...
2022-07-17 12:08:20,453 INFO  [SpringApplicationShutdownHook] com.zaxxer.hikari.HikariDataSource:HikariPool-1 - Shutdown completed.
2022-07-17 12:08:35,285 INFO  [restartedMain] com.greenrent.GreenRentApplication:Starting GreenRentApplication using Java 11.0.13 on DESKTOP-45Q2M8D with PID 14052 (D:\Dropbox\Yazilim Isleri\2- Java Full-Stack\6- Proje\GreenRent\target\classes started by FEO in D:\Dropbox\Yazilim Isleri\2- Java Full-Stack\6- Proje\GreenRent)
2022-07-17 12:08:35,287 DEBUG [restartedMain] com.greenrent.GreenRentApplication:Running with Spring Boot v2.6.9, Spring v5.3.21
2022-07-17 12:08:35,288 INFO  [restartedMain] com.greenrent.GreenRentApplication:No active profile set, falling back to 1 default profile: "default"
2022-07-17 12:08:35,378 INFO  [restartedMain] org.springframework.boot.devtools.env.DevToolsPropertyDefaultsPostProcessor:Devtools property defaults active! Set 'spring.devtools.add-properties' to 'false' to disable
2022-07-17 12:08:35,378 INFO  [restartedMain] org.springframework.boot.devtools.env.DevToolsPropertyDefaultsPostProcessor:For additional web related logging consider setting the 'logging.level.web' property to 'DEBUG'
2022-07-17 12:08:37,130 INFO  [restartedMain] org.springframework.data.repository.config.RepositoryConfigurationDelegate:Bootstrapping Spring Data JPA repositories in DEFAULT mode.
2022-07-17 12:08:37,259 INFO  [restartedMain] org.springframework.data.repository.config.RepositoryConfigurationDelegate:Finished Spring Data repository scanning in 118 ms. Found 6 JPA repository interfaces.
2022-07-17 12:08:38,268 INFO  [restartedMain] org.springframework.boot.web.embedded.tomcat.TomcatWebServer:Tomcat initialized with port(s): 8080 (http)
2022-07-17 12:08:38,279 INFO  [restartedMain] org.apache.catalina.core.StandardService:Starting service [Tomcat]
2022-07-17 12:08:38,279 INFO  [restartedMain] org.apache.catalina.core.StandardEngine:Starting Servlet engine: [Apache Tomcat/9.0.64]
2022-07-17 12:08:38,443 INFO  [restartedMain] org.apache.catalina.core.ContainerBase.[Tomcat].[localhost].[/]:Initializing Spring embedded WebApplicationContext
2022-07-17 12:08:38,443 INFO  [restartedMain] org.springframework.boot.web.servlet.context.ServletWebServerApplicationContext:Root WebApplicationContext: initialization completed in 3064 ms
2022-07-17 12:08:38,821 INFO  [restartedMain] org.hibernate.jpa.internal.util.LogHelper:HHH000204: Processing PersistenceUnitInfo [name: default]
2022-07-17 12:08:38,873 INFO  [restartedMain] org.hibernate.Version:HHH000412: Hibernate ORM core version 5.6.9.Final
2022-07-17 12:08:39,041 INFO  [restartedMain] org.hibernate.annotations.common.Version:HCANN000001: Hibernate Commons Annotations {5.1.2.Final}
2022-07-17 12:08:39,154 INFO  [restartedMain] com.zaxxer.hikari.HikariDataSource:HikariPool-1 - Starting...
2022-07-17 12:08:39,326 INFO  [restartedMain] com.zaxxer.hikari.HikariDataSource:HikariPool-1 - Start completed.
2022-07-17 12:08:39,347 INFO  [restartedMain] org.hibernate.dialect.Dialect:HHH000400: Using dialect: org.hibernate.dialect.PostgreSQLDialect
2022-07-17 12:08:40,672 INFO  [restartedMain] org.hibernate.engine.transaction.jta.platform.internal.JtaPlatformInitiator:HHH000490: Using JtaPlatform implementation: [org.hibernate.engine.transaction.jta.platform.internal.NoJtaPlatform]
2022-07-17 12:08:40,682 INFO  [restartedMain] org.springframework.orm.jpa.LocalContainerEntityManagerFactoryBean:Initialized JPA EntityManagerFactory for persistence unit 'default'
2022-07-17 12:08:41,366 WARN  [restartedMain] org.springframework.boot.autoconfigure.orm.jpa.JpaBaseConfiguration$JpaWebConfiguration:spring.jpa.open-in-view is enabled by default. Therefore, database queries may be performed during view rendering. Explicitly configure spring.jpa.open-in-view to disable this warning
2022-07-17 12:08:41,500 DEBUG [restartedMain] com.greenrent.security.jwt.AuthTokenFilter:Filter 'authenticationJwtTokenFilter' configured for use
2022-07-17 12:08:42,155 INFO  [restartedMain] org.springframework.security.web.DefaultSecurityFilterChain:Will secure any request with [org.springframework.security.web.context.request.async.WebAsyncManagerIntegrationFilter@11682870, org.springframework.security.web.context.SecurityContextPersistenceFilter@3368480c, org.springframework.security.web.header.HeaderWriterFilter@755c83d6, org.springframework.security.web.authentication.logout.LogoutFilter@1d884242, com.greenrent.security.jwt.AuthTokenFilter@506d70ae, org.springframework.security.web.savedrequest.RequestCacheAwareFilter@78a0cd29, org.springframework.security.web.servletapi.SecurityContextHolderAwareRequestFilter@3878ca8f, org.springframework.security.web.authentication.AnonymousAuthenticationFilter@30ee3f8c, org.springframework.security.web.session.SessionManagementFilter@4e5968e4, org.springframework.security.web.access.ExceptionTranslationFilter@268f1893, org.springframework.security.web.access.intercept.FilterSecurityInterceptor@6ef5817]
2022-07-17 12:08:43,051 INFO  [restartedMain] org.springframework.boot.devtools.autoconfigure.OptionalLiveReloadServer:LiveReload server is running on port 35729
2022-07-17 12:08:43,060 INFO  [restartedMain] org.springframework.boot.actuate.endpoint.web.EndpointLinksResolver:Exposing 1 endpoint(s) beneath base path '/actuator'
2022-07-17 12:08:43,171 INFO  [restartedMain] org.springframework.boot.web.embedded.tomcat.TomcatWebServer:Tomcat started on port(s): 8080 (http) with context path ''
2022-07-17 12:08:43,203 INFO  [restartedMain] com.greenrent.GreenRentApplication:Started GreenRentApplication in 8.76 seconds (JVM running for 10.824)
2022-07-17 12:10:08,981 INFO  [http-nio-8080-exec-2] org.apache.catalina.core.ContainerBase.[Tomcat].[localhost].[/]:Initializing Spring DispatcherServlet 'dispatcherServlet'
2022-07-17 12:10:08,981 INFO  [http-nio-8080-exec-2] org.springframework.web.servlet.DispatcherServlet:Initializing Servlet 'dispatcherServlet'
2022-07-17 12:10:08,984 INFO  [http-nio-8080-exec-2] org.springframework.web.servlet.DispatcherServlet:Completed initialization in 3 ms
2022-07-17 13:02:07,691 INFO  [SpringApplicationShutdownHook] org.springframework.orm.jpa.LocalContainerEntityManagerFactoryBean:Closing JPA EntityManagerFactory for persistence unit 'default'
2022-07-17 13:02:07,698 INFO  [SpringApplicationShutdownHook] com.zaxxer.hikari.HikariDataSource:HikariPool-1 - Shutdown initiated...
2022-07-17 13:02:07,706 INFO  [SpringApplicationShutdownHook] com.zaxxer.hikari.HikariDataSource:HikariPool-1 - Shutdown completed.
2022-07-17 13:03:01,579 INFO  [restartedMain] com.greenrent.GreenRentApplication:Starting GreenRentApplication using Java 11.0.13 on DESKTOP-45Q2M8D with PID 9324 (D:\Dropbox\Yazilim Isleri\2- Java Full-Stack\6- Proje\GreenRent\target\classes started by FEO in D:\Dropbox\Yazilim Isleri\2- Java Full-Stack\6- Proje\GreenRent)
2022-07-17 13:03:01,581 DEBUG [restartedMain] com.greenrent.GreenRentApplication:Running with Spring Boot v2.6.9, Spring v5.3.21
2022-07-17 13:03:01,582 INFO  [restartedMain] com.greenrent.GreenRentApplication:No active profile set, falling back to 1 default profile: "default"
2022-07-17 13:03:01,657 INFO  [restartedMain] org.springframework.boot.devtools.env.DevToolsPropertyDefaultsPostProcessor:Devtools property defaults active! Set 'spring.devtools.add-properties' to 'false' to disable
2022-07-17 13:03:01,657 INFO  [restartedMain] org.springframework.boot.devtools.env.DevToolsPropertyDefaultsPostProcessor:For additional web related logging consider setting the 'logging.level.web' property to 'DEBUG'
2022-07-17 13:03:03,112 INFO  [restartedMain] org.springframework.data.repository.config.RepositoryConfigurationDelegate:Bootstrapping Spring Data JPA repositories in DEFAULT mode.
2022-07-17 13:03:03,206 INFO  [restartedMain] org.springframework.data.repository.config.RepositoryConfigurationDelegate:Finished Spring Data repository scanning in 86 ms. Found 6 JPA repository interfaces.
2022-07-17 13:03:04,038 INFO  [restartedMain] org.springframework.boot.web.embedded.tomcat.TomcatWebServer:Tomcat initialized with port(s): 8080 (http)
2022-07-17 13:03:04,055 INFO  [restartedMain] org.apache.catalina.core.StandardService:Starting service [Tomcat]
2022-07-17 13:03:04,056 INFO  [restartedMain] org.apache.catalina.core.StandardEngine:Starting Servlet engine: [Apache Tomcat/9.0.64]
2022-07-17 13:03:04,266 INFO  [restartedMain] org.apache.catalina.core.ContainerBase.[Tomcat].[localhost].[/]:Initializing Spring embedded WebApplicationContext
2022-07-17 13:03:04,267 INFO  [restartedMain] org.springframework.boot.web.servlet.context.ServletWebServerApplicationContext:Root WebApplicationContext: initialization completed in 2609 ms
2022-07-17 13:03:04,615 INFO  [restartedMain] org.hibernate.jpa.internal.util.LogHelper:HHH000204: Processing PersistenceUnitInfo [name: default]
2022-07-17 13:03:04,912 INFO  [restartedMain] org.hibernate.Version:HHH000412: Hibernate ORM core version 5.6.9.Final
2022-07-17 13:03:05,275 INFO  [restartedMain] org.hibernate.annotations.common.Version:HCANN000001: Hibernate Commons Annotations {5.1.2.Final}
2022-07-17 13:03:05,384 INFO  [restartedMain] com.zaxxer.hikari.HikariDataSource:HikariPool-1 - Starting...
2022-07-17 13:03:05,521 INFO  [restartedMain] com.zaxxer.hikari.HikariDataSource:HikariPool-1 - Start completed.
2022-07-17 13:03:05,542 INFO  [restartedMain] org.hibernate.dialect.Dialect:HHH000400: Using dialect: org.hibernate.dialect.PostgreSQLDialect
2022-07-17 13:03:06,642 INFO  [restartedMain] org.hibernate.engine.transaction.jta.platform.internal.JtaPlatformInitiator:HHH000490: Using JtaPlatform implementation: [org.hibernate.engine.transaction.jta.platform.internal.NoJtaPlatform]
2022-07-17 13:03:06,651 INFO  [restartedMain] org.springframework.orm.jpa.LocalContainerEntityManagerFactoryBean:Initialized JPA EntityManagerFactory for persistence unit 'default'
2022-07-17 13:03:07,187 WARN  [restartedMain] org.springframework.boot.autoconfigure.orm.jpa.JpaBaseConfiguration$JpaWebConfiguration:spring.jpa.open-in-view is enabled by default. Therefore, database queries may be performed during view rendering. Explicitly configure spring.jpa.open-in-view to disable this warning
2022-07-17 13:03:07,271 DEBUG [restartedMain] com.greenrent.security.jwt.AuthTokenFilter:Filter 'authenticationJwtTokenFilter' configured for use
2022-07-17 13:03:07,737 INFO  [restartedMain] org.springframework.security.web.DefaultSecurityFilterChain:Will secure any request with [org.springframework.security.web.context.request.async.WebAsyncManagerIntegrationFilter@58cc2d15, org.springframework.security.web.context.SecurityContextPersistenceFilter@3499ddc9, org.springframework.security.web.header.HeaderWriterFilter@64713911, org.springframework.security.web.authentication.logout.LogoutFilter@5e673367, com.greenrent.security.jwt.AuthTokenFilter@49906b07, org.springframework.security.web.savedrequest.RequestCacheAwareFilter@66727da2, org.springframework.security.web.servletapi.SecurityContextHolderAwareRequestFilter@570b6c91, org.springframework.security.web.authentication.AnonymousAuthenticationFilter@6ccc8fee, org.springframework.security.web.session.SessionManagementFilter@1e9220a7, org.springframework.security.web.access.ExceptionTranslationFilter@5802e368, org.springframework.security.web.access.intercept.FilterSecurityInterceptor@5dc54bd5]
2022-07-17 13:03:08,389 INFO  [restartedMain] org.springframework.boot.devtools.autoconfigure.OptionalLiveReloadServer:LiveReload server is running on port 35729
2022-07-17 13:03:08,399 INFO  [restartedMain] org.springframework.boot.actuate.endpoint.web.EndpointLinksResolver:Exposing 1 endpoint(s) beneath base path '/actuator'
2022-07-17 13:03:08,493 INFO  [restartedMain] org.springframework.boot.web.embedded.tomcat.TomcatWebServer:Tomcat started on port(s): 8080 (http) with context path ''
2022-07-17 13:03:08,514 INFO  [restartedMain] com.greenrent.GreenRentApplication:Started GreenRentApplication in 7.635 seconds (JVM running for 9.339)
2022-07-17 13:03:12,804 INFO  [http-nio-8080-exec-1] org.apache.catalina.core.ContainerBase.[Tomcat].[localhost].[/]:Initializing Spring DispatcherServlet 'dispatcherServlet'
2022-07-17 13:03:12,805 INFO  [http-nio-8080-exec-1] org.springframework.web.servlet.DispatcherServlet:Initializing Servlet 'dispatcherServlet'
2022-07-17 13:03:12,807 INFO  [http-nio-8080-exec-1] org.springframework.web.servlet.DispatcherServlet:Completed initialization in 2 ms
2022-07-17 13:03:37,675 WARN  [http-nio-8080-exec-3] org.springframework.web.servlet.mvc.method.annotation.ExceptionHandlerExceptionResolver:Resolved [org.springframework.web.bind.MissingPathVariableException: Required URI template variable 'id' for method parameter type Long is not present]
2022-07-17 13:03:58,028 WARN  [http-nio-8080-exec-5] org.springframework.web.servlet.mvc.method.annotation.ExceptionHandlerExceptionResolver:Resolved [org.springframework.web.bind.MissingPathVariableException: Required URI template variable 'id' for method parameter type Long is not present]
2022-07-17 13:04:10,379 WARN  [http-nio-8080-exec-7] org.springframework.web.servlet.mvc.method.annotation.ExceptionHandlerExceptionResolver:Resolved [org.springframework.web.bind.MissingPathVariableException: Required URI template variable 'id' for method parameter type Long is not present]
2022-07-17 13:04:27,182 WARN  [http-nio-8080-exec-8] org.springframework.web.servlet.mvc.method.annotation.ExceptionHandlerExceptionResolver:Resolved [org.springframework.web.bind.MissingPathVariableException: Required URI template variable 'id' for method parameter type Long is not present]
2022-07-17 13:05:35,895 WARN  [http-nio-8080-exec-2] org.springframework.web.servlet.mvc.method.annotation.ExceptionHandlerExceptionResolver:Resolved [org.springframework.web.bind.MissingPathVariableException: Required URI template variable 'id' for method parameter type Long is not present]
2022-07-17 13:06:45,497 WARN  [http-nio-8080-exec-3] org.springframework.web.servlet.mvc.method.annotation.ExceptionHandlerExceptionResolver:Resolved [org.springframework.web.bind.MissingPathVariableException: Required URI template variable 'id' for method parameter type Long is not present]
2022-07-17 13:06:48,832 INFO  [SpringApplicationShutdownHook] org.springframework.orm.jpa.LocalContainerEntityManagerFactoryBean:Closing JPA EntityManagerFactory for persistence unit 'default'
2022-07-17 13:06:48,836 INFO  [SpringApplicationShutdownHook] com.zaxxer.hikari.HikariDataSource:HikariPool-1 - Shutdown initiated...
2022-07-17 13:06:48,844 INFO  [SpringApplicationShutdownHook] com.zaxxer.hikari.HikariDataSource:HikariPool-1 - Shutdown completed.
2022-07-17 13:07:20,978 INFO  [restartedMain] com.greenrent.GreenRentApplication:Starting GreenRentApplication using Java 11.0.13 on DESKTOP-45Q2M8D with PID 8188 (D:\Dropbox\Yazilim Isleri\2- Java Full-Stack\6- Proje\GreenRent\target\classes started by FEO in D:\Dropbox\Yazilim Isleri\2- Java Full-Stack\6- Proje\GreenRent)
2022-07-17 13:07:20,979 DEBUG [restartedMain] com.greenrent.GreenRentApplication:Running with Spring Boot v2.6.9, Spring v5.3.21
2022-07-17 13:07:20,980 INFO  [restartedMain] com.greenrent.GreenRentApplication:No active profile set, falling back to 1 default profile: "default"
2022-07-17 13:07:21,032 INFO  [restartedMain] org.springframework.boot.devtools.env.DevToolsPropertyDefaultsPostProcessor:Devtools property defaults active! Set 'spring.devtools.add-properties' to 'false' to disable
2022-07-17 13:07:21,033 INFO  [restartedMain] org.springframework.boot.devtools.env.DevToolsPropertyDefaultsPostProcessor:For additional web related logging consider setting the 'logging.level.web' property to 'DEBUG'
2022-07-17 13:07:22,142 INFO  [restartedMain] org.springframework.data.repository.config.RepositoryConfigurationDelegate:Bootstrapping Spring Data JPA repositories in DEFAULT mode.
2022-07-17 13:07:22,228 INFO  [restartedMain] org.springframework.data.repository.config.RepositoryConfigurationDelegate:Finished Spring Data repository scanning in 78 ms. Found 6 JPA repository interfaces.
2022-07-17 13:07:22,921 INFO  [restartedMain] org.springframework.boot.web.embedded.tomcat.TomcatWebServer:Tomcat initialized with port(s): 8080 (http)
2022-07-17 13:07:22,929 INFO  [restartedMain] org.apache.catalina.core.StandardService:Starting service [Tomcat]
2022-07-17 13:07:22,929 INFO  [restartedMain] org.apache.catalina.core.StandardEngine:Starting Servlet engine: [Apache Tomcat/9.0.64]
2022-07-17 13:07:23,049 INFO  [restartedMain] org.apache.catalina.core.ContainerBase.[Tomcat].[localhost].[/]:Initializing Spring embedded WebApplicationContext
2022-07-17 13:07:23,049 INFO  [restartedMain] org.springframework.boot.web.servlet.context.ServletWebServerApplicationContext:Root WebApplicationContext: initialization completed in 2014 ms
2022-07-17 13:07:23,315 INFO  [restartedMain] org.hibernate.jpa.internal.util.LogHelper:HHH000204: Processing PersistenceUnitInfo [name: default]
2022-07-17 13:07:23,353 INFO  [restartedMain] org.hibernate.Version:HHH000412: Hibernate ORM core version 5.6.9.Final
2022-07-17 13:07:23,469 INFO  [restartedMain] org.hibernate.annotations.common.Version:HCANN000001: Hibernate Commons Annotations {5.1.2.Final}
2022-07-17 13:07:23,558 INFO  [restartedMain] com.zaxxer.hikari.HikariDataSource:HikariPool-1 - Starting...
2022-07-17 13:07:23,675 INFO  [restartedMain] com.zaxxer.hikari.HikariDataSource:HikariPool-1 - Start completed.
2022-07-17 13:07:23,689 INFO  [restartedMain] org.hibernate.dialect.Dialect:HHH000400: Using dialect: org.hibernate.dialect.PostgreSQLDialect
2022-07-17 13:07:24,624 INFO  [restartedMain] org.hibernate.engine.transaction.jta.platform.internal.JtaPlatformInitiator:HHH000490: Using JtaPlatform implementation: [org.hibernate.engine.transaction.jta.platform.internal.NoJtaPlatform]
2022-07-17 13:07:24,632 INFO  [restartedMain] org.springframework.orm.jpa.LocalContainerEntityManagerFactoryBean:Initialized JPA EntityManagerFactory for persistence unit 'default'
2022-07-17 13:07:25,120 WARN  [restartedMain] org.springframework.boot.autoconfigure.orm.jpa.JpaBaseConfiguration$JpaWebConfiguration:spring.jpa.open-in-view is enabled by default. Therefore, database queries may be performed during view rendering. Explicitly configure spring.jpa.open-in-view to disable this warning
2022-07-17 13:07:25,205 DEBUG [restartedMain] com.greenrent.security.jwt.AuthTokenFilter:Filter 'authenticationJwtTokenFilter' configured for use
2022-07-17 13:07:25,672 INFO  [restartedMain] org.springframework.security.web.DefaultSecurityFilterChain:Will secure any request with [org.springframework.security.web.context.request.async.WebAsyncManagerIntegrationFilter@353adfb4, org.springframework.security.web.context.SecurityContextPersistenceFilter@23fc69b3, org.springframework.security.web.header.HeaderWriterFilter@52843855, org.springframework.security.web.authentication.logout.LogoutFilter@4f9cac78, com.greenrent.security.jwt.AuthTokenFilter@70b69a03, org.springframework.security.web.savedrequest.RequestCacheAwareFilter@76f6f7fb, org.springframework.security.web.servletapi.SecurityContextHolderAwareRequestFilter@7e2f0b8e, org.springframework.security.web.authentication.AnonymousAuthenticationFilter@1cd26f01, org.springframework.security.web.session.SessionManagementFilter@23d61b5b, org.springframework.security.web.access.ExceptionTranslationFilter@549631d9, org.springframework.security.web.access.intercept.FilterSecurityInterceptor@cb95bdd]
2022-07-17 13:07:26,327 INFO  [restartedMain] org.springframework.boot.devtools.autoconfigure.OptionalLiveReloadServer:LiveReload server is running on port 35729
2022-07-17 13:07:26,334 INFO  [restartedMain] org.springframework.boot.actuate.endpoint.web.EndpointLinksResolver:Exposing 1 endpoint(s) beneath base path '/actuator'
2022-07-17 13:07:26,415 INFO  [restartedMain] org.springframework.boot.web.embedded.tomcat.TomcatWebServer:Tomcat started on port(s): 8080 (http) with context path ''
2022-07-17 13:07:26,435 INFO  [restartedMain] com.greenrent.GreenRentApplication:Started GreenRentApplication in 5.987 seconds (JVM running for 7.537)
2022-07-17 13:07:34,530 INFO  [http-nio-8080-exec-2] org.apache.catalina.core.ContainerBase.[Tomcat].[localhost].[/]:Initializing Spring DispatcherServlet 'dispatcherServlet'
2022-07-17 13:07:34,530 INFO  [http-nio-8080-exec-2] org.springframework.web.servlet.DispatcherServlet:Initializing Servlet 'dispatcherServlet'
2022-07-17 13:07:34,532 INFO  [http-nio-8080-exec-2] org.springframework.web.servlet.DispatcherServlet:Completed initialization in 1 ms
2022-07-17 13:42:01,041 WARN  [HikariPool-1 housekeeper] com.zaxxer.hikari.pool.HikariPool:HikariPool-1 - Thread starvation or clock leap detected (housekeeper delta=3m6s838ms740µs800ns).
2022-07-17 13:45:21,563 INFO  [SpringApplicationShutdownHook] org.springframework.orm.jpa.LocalContainerEntityManagerFactoryBean:Closing JPA EntityManagerFactory for persistence unit 'default'
2022-07-17 13:45:21,569 INFO  [SpringApplicationShutdownHook] com.zaxxer.hikari.HikariDataSource:HikariPool-1 - Shutdown initiated...
2022-07-17 13:45:21,591 INFO  [SpringApplicationShutdownHook] com.zaxxer.hikari.HikariDataSource:HikariPool-1 - Shutdown completed.
2022-07-17 14:38:40,013 INFO  [restartedMain] com.greenrent.GreenRentApplication:Starting GreenRentApplication using Java 11.0.13 on DESKTOP-45Q2M8D with PID 8108 (D:\Dropbox\Yazilim Isleri\2- Java Full-Stack\6- Proje\GreenRent\target\classes started by FEO in D:\Dropbox\Yazilim Isleri\2- Java Full-Stack\6- Proje\GreenRent)
2022-07-17 14:38:40,015 DEBUG [restartedMain] com.greenrent.GreenRentApplication:Running with Spring Boot v2.6.9, Spring v5.3.21
2022-07-17 14:38:40,019 INFO  [restartedMain] com.greenrent.GreenRentApplication:No active profile set, falling back to 1 default profile: "default"
2022-07-17 14:38:40,169 INFO  [restartedMain] org.springframework.boot.devtools.env.DevToolsPropertyDefaultsPostProcessor:Devtools property defaults active! Set 'spring.devtools.add-properties' to 'false' to disable
2022-07-17 14:38:40,170 INFO  [restartedMain] org.springframework.boot.devtools.env.DevToolsPropertyDefaultsPostProcessor:For additional web related logging consider setting the 'logging.level.web' property to 'DEBUG'
2022-07-17 14:38:42,544 INFO  [restartedMain] org.springframework.data.repository.config.RepositoryConfigurationDelegate:Bootstrapping Spring Data JPA repositories in DEFAULT mode.
2022-07-17 14:38:42,653 INFO  [restartedMain] org.springframework.data.repository.config.RepositoryConfigurationDelegate:Finished Spring Data repository scanning in 95 ms. Found 6 JPA repository interfaces.
2022-07-17 14:38:43,857 INFO  [restartedMain] org.springframework.boot.web.embedded.tomcat.TomcatWebServer:Tomcat initialized with port(s): 8080 (http)
2022-07-17 14:38:43,874 INFO  [restartedMain] org.apache.catalina.core.StandardService:Starting service [Tomcat]
2022-07-17 14:38:43,875 INFO  [restartedMain] org.apache.catalina.core.StandardEngine:Starting Servlet engine: [Apache Tomcat/9.0.64]
2022-07-17 14:38:44,055 INFO  [restartedMain] org.apache.catalina.core.ContainerBase.[Tomcat].[localhost].[/]:Initializing Spring embedded WebApplicationContext
2022-07-17 14:38:44,056 INFO  [restartedMain] org.springframework.boot.web.servlet.context.ServletWebServerApplicationContext:Root WebApplicationContext: initialization completed in 3884 ms
2022-07-17 14:38:44,419 INFO  [restartedMain] org.hibernate.jpa.internal.util.LogHelper:HHH000204: Processing PersistenceUnitInfo [name: default]
2022-07-17 14:38:44,775 INFO  [restartedMain] org.hibernate.Version:HHH000412: Hibernate ORM core version 5.6.9.Final
2022-07-17 14:38:44,987 INFO  [restartedMain] org.hibernate.annotations.common.Version:HCANN000001: Hibernate Commons Annotations {5.1.2.Final}
2022-07-17 14:38:45,137 INFO  [restartedMain] com.zaxxer.hikari.HikariDataSource:HikariPool-1 - Starting...
2022-07-17 14:38:45,429 INFO  [restartedMain] com.zaxxer.hikari.HikariDataSource:HikariPool-1 - Start completed.
2022-07-17 14:38:45,466 INFO  [restartedMain] org.hibernate.dialect.Dialect:HHH000400: Using dialect: org.hibernate.dialect.PostgreSQLDialect
2022-07-17 14:38:46,808 INFO  [restartedMain] org.hibernate.engine.transaction.jta.platform.internal.JtaPlatformInitiator:HHH000490: Using JtaPlatform implementation: [org.hibernate.engine.transaction.jta.platform.internal.NoJtaPlatform]
2022-07-17 14:38:46,832 INFO  [restartedMain] org.springframework.orm.jpa.LocalContainerEntityManagerFactoryBean:Initialized JPA EntityManagerFactory for persistence unit 'default'
2022-07-17 14:38:47,925 WARN  [restartedMain] org.springframework.boot.autoconfigure.orm.jpa.JpaBaseConfiguration$JpaWebConfiguration:spring.jpa.open-in-view is enabled by default. Therefore, database queries may be performed during view rendering. Explicitly configure spring.jpa.open-in-view to disable this warning
2022-07-17 14:38:48,064 DEBUG [restartedMain] com.greenrent.security.jwt.AuthTokenFilter:Filter 'authenticationJwtTokenFilter' configured for use
2022-07-17 14:38:49,067 INFO  [restartedMain] org.springframework.security.web.DefaultSecurityFilterChain:Will secure any request with [org.springframework.security.web.context.request.async.WebAsyncManagerIntegrationFilter@3d401397, org.springframework.security.web.context.SecurityContextPersistenceFilter@12520b64, org.springframework.security.web.header.HeaderWriterFilter@3505ee82, org.springframework.security.web.authentication.logout.LogoutFilter@753fe907, com.greenrent.security.jwt.AuthTokenFilter@1cba270e, org.springframework.security.web.savedrequest.RequestCacheAwareFilter@379d7485, org.springframework.security.web.servletapi.SecurityContextHolderAwareRequestFilter@61b16caa, org.springframework.security.web.authentication.AnonymousAuthenticationFilter@1245beb5, org.springframework.security.web.session.SessionManagementFilter@78e6c10f, org.springframework.security.web.access.ExceptionTranslationFilter@7c72609, org.springframework.security.web.access.intercept.FilterSecurityInterceptor@3c52459e]
2022-07-17 14:38:49,960 INFO  [restartedMain] org.springframework.boot.devtools.autoconfigure.OptionalLiveReloadServer:LiveReload server is running on port 35729
2022-07-17 14:38:49,967 INFO  [restartedMain] org.springframework.boot.actuate.endpoint.web.EndpointLinksResolver:Exposing 1 endpoint(s) beneath base path '/actuator'
2022-07-17 14:38:50,070 INFO  [restartedMain] org.springframework.boot.web.embedded.tomcat.TomcatWebServer:Tomcat started on port(s): 8080 (http) with context path ''
2022-07-17 14:38:50,099 INFO  [restartedMain] com.greenrent.GreenRentApplication:Started GreenRentApplication in 11.812 seconds (JVM running for 13.481)
2022-07-17 14:38:57,150 INFO  [http-nio-8080-exec-2] org.apache.catalina.core.ContainerBase.[Tomcat].[localhost].[/]:Initializing Spring DispatcherServlet 'dispatcherServlet'
2022-07-17 14:38:57,151 INFO  [http-nio-8080-exec-2] org.springframework.web.servlet.DispatcherServlet:Initializing Servlet 'dispatcherServlet'
2022-07-17 14:38:57,152 INFO  [http-nio-8080-exec-2] org.springframework.web.servlet.DispatcherServlet:Completed initialization in 1 ms
2022-07-17 14:40:03,090 INFO  [SpringApplicationShutdownHook] org.springframework.orm.jpa.LocalContainerEntityManagerFactoryBean:Closing JPA EntityManagerFactory for persistence unit 'default'
2022-07-17 14:40:03,095 INFO  [SpringApplicationShutdownHook] com.zaxxer.hikari.HikariDataSource:HikariPool-1 - Shutdown initiated...
2022-07-17 14:40:03,102 INFO  [SpringApplicationShutdownHook] com.zaxxer.hikari.HikariDataSource:HikariPool-1 - Shutdown completed.
2022-07-17 14:40:14,524 INFO  [restartedMain] com.greenrent.GreenRentApplication:Starting GreenRentApplication using Java 11.0.13 on DESKTOP-45Q2M8D with PID 2376 (D:\Dropbox\Yazilim Isleri\2- Java Full-Stack\6- Proje\GreenRent\target\classes started by FEO in D:\Dropbox\Yazilim Isleri\2- Java Full-Stack\6- Proje\GreenRent)
2022-07-17 14:40:14,526 DEBUG [restartedMain] com.greenrent.GreenRentApplication:Running with Spring Boot v2.6.9, Spring v5.3.21
2022-07-17 14:40:14,529 INFO  [restartedMain] com.greenrent.GreenRentApplication:No active profile set, falling back to 1 default profile: "default"
2022-07-17 14:40:14,594 INFO  [restartedMain] org.springframework.boot.devtools.env.DevToolsPropertyDefaultsPostProcessor:Devtools property defaults active! Set 'spring.devtools.add-properties' to 'false' to disable
2022-07-17 14:40:14,594 INFO  [restartedMain] org.springframework.boot.devtools.env.DevToolsPropertyDefaultsPostProcessor:For additional web related logging consider setting the 'logging.level.web' property to 'DEBUG'
2022-07-17 14:40:15,777 INFO  [restartedMain] org.springframework.data.repository.config.RepositoryConfigurationDelegate:Bootstrapping Spring Data JPA repositories in DEFAULT mode.
2022-07-17 14:40:15,859 INFO  [restartedMain] org.springframework.data.repository.config.RepositoryConfigurationDelegate:Finished Spring Data repository scanning in 73 ms. Found 6 JPA repository interfaces.
2022-07-17 14:40:16,570 INFO  [restartedMain] org.springframework.boot.web.embedded.tomcat.TomcatWebServer:Tomcat initialized with port(s): 8080 (http)
2022-07-17 14:40:16,579 INFO  [restartedMain] org.apache.catalina.core.StandardService:Starting service [Tomcat]
2022-07-17 14:40:16,579 INFO  [restartedMain] org.apache.catalina.core.StandardEngine:Starting Servlet engine: [Apache Tomcat/9.0.64]
2022-07-17 14:40:16,711 INFO  [restartedMain] org.apache.catalina.core.ContainerBase.[Tomcat].[localhost].[/]:Initializing Spring embedded WebApplicationContext
2022-07-17 14:40:16,711 INFO  [restartedMain] org.springframework.boot.web.servlet.context.ServletWebServerApplicationContext:Root WebApplicationContext: initialization completed in 2116 ms
2022-07-17 14:40:17,004 INFO  [restartedMain] org.hibernate.jpa.internal.util.LogHelper:HHH000204: Processing PersistenceUnitInfo [name: default]
2022-07-17 14:40:17,064 INFO  [restartedMain] org.hibernate.Version:HHH000412: Hibernate ORM core version 5.6.9.Final
2022-07-17 14:40:17,197 INFO  [restartedMain] org.hibernate.annotations.common.Version:HCANN000001: Hibernate Commons Annotations {5.1.2.Final}
2022-07-17 14:40:17,296 INFO  [restartedMain] com.zaxxer.hikari.HikariDataSource:HikariPool-1 - Starting...
2022-07-17 14:40:17,413 INFO  [restartedMain] com.zaxxer.hikari.HikariDataSource:HikariPool-1 - Start completed.
2022-07-17 14:40:17,428 INFO  [restartedMain] org.hibernate.dialect.Dialect:HHH000400: Using dialect: org.hibernate.dialect.PostgreSQLDialect
2022-07-17 14:40:18,420 INFO  [restartedMain] org.hibernate.engine.transaction.jta.platform.internal.JtaPlatformInitiator:HHH000490: Using JtaPlatform implementation: [org.hibernate.engine.transaction.jta.platform.internal.NoJtaPlatform]
2022-07-17 14:40:18,429 INFO  [restartedMain] org.springframework.orm.jpa.LocalContainerEntityManagerFactoryBean:Initialized JPA EntityManagerFactory for persistence unit 'default'
2022-07-17 14:40:18,933 WARN  [restartedMain] org.springframework.boot.autoconfigure.orm.jpa.JpaBaseConfiguration$JpaWebConfiguration:spring.jpa.open-in-view is enabled by default. Therefore, database queries may be performed during view rendering. Explicitly configure spring.jpa.open-in-view to disable this warning
2022-07-17 14:40:19,014 DEBUG [restartedMain] com.greenrent.security.jwt.AuthTokenFilter:Filter 'authenticationJwtTokenFilter' configured for use
2022-07-17 14:40:19,491 INFO  [restartedMain] org.springframework.security.web.DefaultSecurityFilterChain:Will secure any request with [org.springframework.security.web.context.request.async.WebAsyncManagerIntegrationFilter@9078939, org.springframework.security.web.context.SecurityContextPersistenceFilter@167f444d, org.springframework.security.web.header.HeaderWriterFilter@32d65f1e, org.springframework.security.web.authentication.logout.LogoutFilter@2a2c0a99, com.greenrent.security.jwt.AuthTokenFilter@6083aac3, org.springframework.security.web.savedrequest.RequestCacheAwareFilter@7850db02, org.springframework.security.web.servletapi.SecurityContextHolderAwareRequestFilter@1a9e35f4, org.springframework.security.web.authentication.AnonymousAuthenticationFilter@2c7f0b2d, org.springframework.security.web.session.SessionManagementFilter@10736c1d, org.springframework.security.web.access.ExceptionTranslationFilter@198bd59, org.springframework.security.web.access.intercept.FilterSecurityInterceptor@3677312f]
2022-07-17 14:40:20,176 INFO  [restartedMain] org.springframework.boot.devtools.autoconfigure.OptionalLiveReloadServer:LiveReload server is running on port 35729
2022-07-17 14:40:20,184 INFO  [restartedMain] org.springframework.boot.actuate.endpoint.web.EndpointLinksResolver:Exposing 1 endpoint(s) beneath base path '/actuator'
2022-07-17 14:40:20,266 INFO  [restartedMain] org.springframework.boot.web.embedded.tomcat.TomcatWebServer:Tomcat started on port(s): 8080 (http) with context path ''
2022-07-17 14:40:20,288 INFO  [restartedMain] com.greenrent.GreenRentApplication:Started GreenRentApplication in 6.326 seconds (JVM running for 7.937)
2022-07-17 14:40:27,596 INFO  [http-nio-8080-exec-2] org.apache.catalina.core.ContainerBase.[Tomcat].[localhost].[/]:Initializing Spring DispatcherServlet 'dispatcherServlet'
2022-07-17 14:40:27,597 INFO  [http-nio-8080-exec-2] org.springframework.web.servlet.DispatcherServlet:Initializing Servlet 'dispatcherServlet'
2022-07-17 14:40:27,599 INFO  [http-nio-8080-exec-2] org.springframework.web.servlet.DispatcherServlet:Completed initialization in 2 ms
2022-07-17 14:47:12,835 INFO  [SpringApplicationShutdownHook] org.springframework.orm.jpa.LocalContainerEntityManagerFactoryBean:Closing JPA EntityManagerFactory for persistence unit 'default'
2022-07-17 14:47:12,843 INFO  [SpringApplicationShutdownHook] com.zaxxer.hikari.HikariDataSource:HikariPool-1 - Shutdown initiated...
2022-07-17 14:47:12,856 INFO  [SpringApplicationShutdownHook] com.zaxxer.hikari.HikariDataSource:HikariPool-1 - Shutdown completed.
2022-07-17 14:47:36,930 INFO  [restartedMain] com.greenrent.GreenRentApplication:Starting GreenRentApplication using Java 11.0.13 on DESKTOP-45Q2M8D with PID 13608 (D:\Dropbox\Yazilim Isleri\2- Java Full-Stack\6- Proje\GreenRent\target\classes started by FEO in D:\Dropbox\Yazilim Isleri\2- Java Full-Stack\6- Proje\GreenRent)
2022-07-17 14:47:36,932 DEBUG [restartedMain] com.greenrent.GreenRentApplication:Running with Spring Boot v2.6.9, Spring v5.3.21
2022-07-17 14:47:36,933 INFO  [restartedMain] com.greenrent.GreenRentApplication:No active profile set, falling back to 1 default profile: "default"
2022-07-17 14:47:37,019 INFO  [restartedMain] org.springframework.boot.devtools.env.DevToolsPropertyDefaultsPostProcessor:Devtools property defaults active! Set 'spring.devtools.add-properties' to 'false' to disable
2022-07-17 14:47:37,020 INFO  [restartedMain] org.springframework.boot.devtools.env.DevToolsPropertyDefaultsPostProcessor:For additional web related logging consider setting the 'logging.level.web' property to 'DEBUG'
2022-07-17 14:47:39,353 INFO  [restartedMain] org.springframework.data.repository.config.RepositoryConfigurationDelegate:Bootstrapping Spring Data JPA repositories in DEFAULT mode.
2022-07-17 14:47:39,490 INFO  [restartedMain] org.springframework.data.repository.config.RepositoryConfigurationDelegate:Finished Spring Data repository scanning in 118 ms. Found 6 JPA repository interfaces.
2022-07-17 14:47:40,544 INFO  [restartedMain] org.springframework.boot.web.embedded.tomcat.TomcatWebServer:Tomcat initialized with port(s): 8080 (http)
2022-07-17 14:47:40,557 INFO  [restartedMain] org.apache.catalina.core.StandardService:Starting service [Tomcat]
2022-07-17 14:47:40,558 INFO  [restartedMain] org.apache.catalina.core.StandardEngine:Starting Servlet engine: [Apache Tomcat/9.0.64]
2022-07-17 14:47:40,732 INFO  [restartedMain] org.apache.catalina.core.ContainerBase.[Tomcat].[localhost].[/]:Initializing Spring embedded WebApplicationContext
2022-07-17 14:47:40,732 INFO  [restartedMain] org.springframework.boot.web.servlet.context.ServletWebServerApplicationContext:Root WebApplicationContext: initialization completed in 3710 ms
2022-07-17 14:47:41,121 INFO  [restartedMain] org.hibernate.jpa.internal.util.LogHelper:HHH000204: Processing PersistenceUnitInfo [name: default]
2022-07-17 14:47:41,170 INFO  [restartedMain] org.hibernate.Version:HHH000412: Hibernate ORM core version 5.6.9.Final
2022-07-17 14:47:41,323 INFO  [restartedMain] org.hibernate.annotations.common.Version:HCANN000001: Hibernate Commons Annotations {5.1.2.Final}
2022-07-17 14:47:41,444 INFO  [restartedMain] com.zaxxer.hikari.HikariDataSource:HikariPool-1 - Starting...
2022-07-17 14:47:41,697 INFO  [restartedMain] com.zaxxer.hikari.HikariDataSource:HikariPool-1 - Start completed.
2022-07-17 14:47:41,714 INFO  [restartedMain] org.hibernate.dialect.Dialect:HHH000400: Using dialect: org.hibernate.dialect.PostgreSQLDialect
2022-07-17 14:47:43,121 INFO  [restartedMain] org.hibernate.engine.transaction.jta.platform.internal.JtaPlatformInitiator:HHH000490: Using JtaPlatform implementation: [org.hibernate.engine.transaction.jta.platform.internal.NoJtaPlatform]
2022-07-17 14:47:43,131 INFO  [restartedMain] org.springframework.orm.jpa.LocalContainerEntityManagerFactoryBean:Initialized JPA EntityManagerFactory for persistence unit 'default'
2022-07-17 14:47:43,868 WARN  [restartedMain] org.springframework.boot.autoconfigure.orm.jpa.JpaBaseConfiguration$JpaWebConfiguration:spring.jpa.open-in-view is enabled by default. Therefore, database queries may be performed during view rendering. Explicitly configure spring.jpa.open-in-view to disable this warning
2022-07-17 14:47:43,981 DEBUG [restartedMain] com.greenrent.security.jwt.AuthTokenFilter:Filter 'authenticationJwtTokenFilter' configured for use
2022-07-17 14:47:44,551 INFO  [restartedMain] org.springframework.security.web.DefaultSecurityFilterChain:Will secure any request with [org.springframework.security.web.context.request.async.WebAsyncManagerIntegrationFilter@470d3de5, org.springframework.security.web.context.SecurityContextPersistenceFilter@4444efc1, org.springframework.security.web.header.HeaderWriterFilter@5ad55d02, org.springframework.security.web.authentication.logout.LogoutFilter@7fdc32fa, com.greenrent.security.jwt.AuthTokenFilter@4f1b0dd5, org.springframework.security.web.savedrequest.RequestCacheAwareFilter@7d2ee3dd, org.springframework.security.web.servletapi.SecurityContextHolderAwareRequestFilter@7bacfc2b, org.springframework.security.web.authentication.AnonymousAuthenticationFilter@723d4526, org.springframework.security.web.session.SessionManagementFilter@22b6b9a3, org.springframework.security.web.access.ExceptionTranslationFilter@39f8ca7b, org.springframework.security.web.access.intercept.FilterSecurityInterceptor@5f64d899]
2022-07-17 14:47:45,424 INFO  [restartedMain] org.springframework.boot.devtools.autoconfigure.OptionalLiveReloadServer:LiveReload server is running on port 35729
2022-07-17 14:47:45,433 INFO  [restartedMain] org.springframework.boot.actuate.endpoint.web.EndpointLinksResolver:Exposing 1 endpoint(s) beneath base path '/actuator'
2022-07-17 14:47:45,546 INFO  [restartedMain] org.springframework.boot.web.embedded.tomcat.TomcatWebServer:Tomcat started on port(s): 8080 (http) with context path ''
2022-07-17 14:47:45,574 INFO  [restartedMain] com.greenrent.GreenRentApplication:Started GreenRentApplication in 9.469 seconds (JVM running for 12.432)
2022-07-17 14:48:03,318 INFO  [SpringApplicationShutdownHook] org.springframework.orm.jpa.LocalContainerEntityManagerFactoryBean:Closing JPA EntityManagerFactory for persistence unit 'default'
2022-07-17 14:48:03,323 INFO  [SpringApplicationShutdownHook] com.zaxxer.hikari.HikariDataSource:HikariPool-1 - Shutdown initiated...
2022-07-17 14:48:03,332 INFO  [SpringApplicationShutdownHook] com.zaxxer.hikari.HikariDataSource:HikariPool-1 - Shutdown completed.
2022-07-17 14:48:43,234 INFO  [restartedMain] com.greenrent.GreenRentApplication:Starting GreenRentApplication using Java 11.0.13 on DESKTOP-45Q2M8D with PID 6556 (D:\Dropbox\Yazilim Isleri\2- Java Full-Stack\6- Proje\GreenRent\target\classes started by FEO in D:\Dropbox\Yazilim Isleri\2- Java Full-Stack\6- Proje\GreenRent)
2022-07-17 14:48:43,236 DEBUG [restartedMain] com.greenrent.GreenRentApplication:Running with Spring Boot v2.6.9, Spring v5.3.21
2022-07-17 14:48:43,237 INFO  [restartedMain] com.greenrent.GreenRentApplication:No active profile set, falling back to 1 default profile: "default"
2022-07-17 14:48:43,291 INFO  [restartedMain] org.springframework.boot.devtools.env.DevToolsPropertyDefaultsPostProcessor:Devtools property defaults active! Set 'spring.devtools.add-properties' to 'false' to disable
2022-07-17 14:48:43,291 INFO  [restartedMain] org.springframework.boot.devtools.env.DevToolsPropertyDefaultsPostProcessor:For additional web related logging consider setting the 'logging.level.web' property to 'DEBUG'
2022-07-17 14:48:44,378 INFO  [restartedMain] org.springframework.data.repository.config.RepositoryConfigurationDelegate:Bootstrapping Spring Data JPA repositories in DEFAULT mode.
2022-07-17 14:48:44,457 INFO  [restartedMain] org.springframework.data.repository.config.RepositoryConfigurationDelegate:Finished Spring Data repository scanning in 70 ms. Found 6 JPA repository interfaces.
2022-07-17 14:48:45,174 INFO  [restartedMain] org.springframework.boot.web.embedded.tomcat.TomcatWebServer:Tomcat initialized with port(s): 8080 (http)
2022-07-17 14:48:45,183 INFO  [restartedMain] org.apache.catalina.core.StandardService:Starting service [Tomcat]
2022-07-17 14:48:45,183 INFO  [restartedMain] org.apache.catalina.core.StandardEngine:Starting Servlet engine: [Apache Tomcat/9.0.64]
2022-07-17 14:48:45,312 INFO  [restartedMain] org.apache.catalina.core.ContainerBase.[Tomcat].[localhost].[/]:Initializing Spring embedded WebApplicationContext
2022-07-17 14:48:45,313 INFO  [restartedMain] org.springframework.boot.web.servlet.context.ServletWebServerApplicationContext:Root WebApplicationContext: initialization completed in 2020 ms
2022-07-17 14:48:45,581 INFO  [restartedMain] org.hibernate.jpa.internal.util.LogHelper:HHH000204: Processing PersistenceUnitInfo [name: default]
2022-07-17 14:48:45,620 INFO  [restartedMain] org.hibernate.Version:HHH000412: Hibernate ORM core version 5.6.9.Final
2022-07-17 14:48:45,737 INFO  [restartedMain] org.hibernate.annotations.common.Version:HCANN000001: Hibernate Commons Annotations {5.1.2.Final}
2022-07-17 14:48:45,828 INFO  [restartedMain] com.zaxxer.hikari.HikariDataSource:HikariPool-1 - Starting...
2022-07-17 14:48:45,941 INFO  [restartedMain] com.zaxxer.hikari.HikariDataSource:HikariPool-1 - Start completed.
2022-07-17 14:48:45,954 INFO  [restartedMain] org.hibernate.dialect.Dialect:HHH000400: Using dialect: org.hibernate.dialect.PostgreSQLDialect
2022-07-17 14:48:46,910 INFO  [restartedMain] org.hibernate.engine.transaction.jta.platform.internal.JtaPlatformInitiator:HHH000490: Using JtaPlatform implementation: [org.hibernate.engine.transaction.jta.platform.internal.NoJtaPlatform]
2022-07-17 14:48:46,918 INFO  [restartedMain] org.springframework.orm.jpa.LocalContainerEntityManagerFactoryBean:Initialized JPA EntityManagerFactory for persistence unit 'default'
2022-07-17 14:48:47,444 WARN  [restartedMain] org.springframework.boot.autoconfigure.orm.jpa.JpaBaseConfiguration$JpaWebConfiguration:spring.jpa.open-in-view is enabled by default. Therefore, database queries may be performed during view rendering. Explicitly configure spring.jpa.open-in-view to disable this warning
2022-07-17 14:48:47,533 DEBUG [restartedMain] com.greenrent.security.jwt.AuthTokenFilter:Filter 'authenticationJwtTokenFilter' configured for use
2022-07-17 14:48:48,137 INFO  [restartedMain] org.springframework.security.web.DefaultSecurityFilterChain:Will secure any request with [org.springframework.security.web.context.request.async.WebAsyncManagerIntegrationFilter@930e5d5, org.springframework.security.web.context.SecurityContextPersistenceFilter@3c6f18fa, org.springframework.security.web.header.HeaderWriterFilter@1c80dc4f, org.springframework.security.web.authentication.logout.LogoutFilter@4e6ac135, com.greenrent.security.jwt.AuthTokenFilter@191ffdf0, org.springframework.security.web.savedrequest.RequestCacheAwareFilter@4ce074a4, org.springframework.security.web.servletapi.SecurityContextHolderAwareRequestFilter@2d154c4f, org.springframework.security.web.authentication.AnonymousAuthenticationFilter@3d28fad2, org.springframework.security.web.session.SessionManagementFilter@47f04f09, org.springframework.security.web.access.ExceptionTranslationFilter@1a94b2b, org.springframework.security.web.access.intercept.FilterSecurityInterceptor@58ab77c3]
2022-07-17 14:48:48,954 INFO  [restartedMain] org.springframework.boot.devtools.autoconfigure.OptionalLiveReloadServer:LiveReload server is running on port 35729
2022-07-17 14:48:48,964 INFO  [restartedMain] org.springframework.boot.actuate.endpoint.web.EndpointLinksResolver:Exposing 1 endpoint(s) beneath base path '/actuator'
2022-07-17 14:48:49,051 INFO  [restartedMain] org.springframework.boot.web.embedded.tomcat.TomcatWebServer:Tomcat started on port(s): 8080 (http) with context path ''
2022-07-17 14:48:49,075 INFO  [restartedMain] com.greenrent.GreenRentApplication:Started GreenRentApplication in 6.402 seconds (JVM running for 8.328)
2022-07-17 14:48:54,296 INFO  [http-nio-8080-exec-1] org.apache.catalina.core.ContainerBase.[Tomcat].[localhost].[/]:Initializing Spring DispatcherServlet 'dispatcherServlet'
2022-07-17 14:48:54,297 INFO  [http-nio-8080-exec-1] org.springframework.web.servlet.DispatcherServlet:Initializing Servlet 'dispatcherServlet'
2022-07-17 14:48:54,299 INFO  [http-nio-8080-exec-1] org.springframework.web.servlet.DispatcherServlet:Completed initialization in 2 ms
2022-07-17 14:54:47,668 INFO  [SpringApplicationShutdownHook] org.springframework.orm.jpa.LocalContainerEntityManagerFactoryBean:Closing JPA EntityManagerFactory for persistence unit 'default'
2022-07-17 14:54:47,673 INFO  [SpringApplicationShutdownHook] com.zaxxer.hikari.HikariDataSource:HikariPool-1 - Shutdown initiated...
2022-07-17 14:54:47,680 INFO  [SpringApplicationShutdownHook] com.zaxxer.hikari.HikariDataSource:HikariPool-1 - Shutdown completed.
